[22:45:14] [main/INFO]: Environment: authHost='https://authserver.mojang.com', accountsHost='https://api.mojang.com', sessionHost='https://sessionserver.mojang.com', servicesHost='https://api.minecraftservices.com', name='PROD'
[22:45:14] [main/INFO]: Reloading ResourceManager: Default, bukkit
[22:45:15] [Worker-Main-1/INFO]: Loaded 7 recipes
[22:45:16] [Server thread/INFO]: Starting minecraft server version 1.16.5
[22:45:16] [Server thread/INFO]: Loading properties
[22:45:16] [Server thread/INFO]: This server is running Paper version git-Paper-794 (MC: 1.16.5) (Implementing API version 1.16.5-R0.1-SNAPSHOT)
[22:45:17] [Server thread/INFO]: Debug logging is disabled
[22:45:17] [Server thread/INFO]: Using 4 threads for Netty based IO
[22:45:17] [Server thread/INFO]: Server Ping Player Sample Count: 12
[22:45:17] [Server thread/INFO]: Default game type: SURVIVAL
[22:45:17] [Server thread/INFO]: Generating keypair
[22:45:17] [Server thread/INFO]: Starting Minecraft server on *:25565
[22:45:17] [Server thread/INFO]: Using epoll channel type
[22:45:18] [Server thread/ERROR]: Could not load 'plugins/PlayerVaults-1.4.3.jar' in folder 'plugins'
org.bukkit.plugin.InvalidPluginException: java.lang.UnsupportedClassVersionError: me/unisteven/PlayerVault has been compiled by a more recent version of the Java Runtime (class file version 61.0), this version of the Java Runtime only recognizes class file versions up to 55.0
	at org.bukkit.plugin.java.JavaPluginLoader.loadPlugin(JavaPluginLoader.java:157) ~[patched_1.16.5.jar:git-Paper-794]
	at org.bukkit.plugin.SimplePluginManager.loadPlugin(SimplePluginManager.java:414) ~[patched_1.16.5.jar:git-Paper-794]
	at org.bukkit.plugin.SimplePluginManager.loadPlugins(SimplePluginManager.java:322) ~[patched_1.16.5.jar:git-Paper-794]
	at org.bukkit.craftbukkit.v1_16_R3.CraftServer.loadPlugins(CraftServer.java:393) ~[patched_1.16.5.jar:git-Paper-794]
	at net.minecraft.server.v1_16_R3.DedicatedServer.init(DedicatedServer.java:269) ~[patched_1.16.5.jar:git-Paper-794]
	at net.minecraft.server.v1_16_R3.MinecraftServer.w(MinecraftServer.java:1074) ~[patched_1.16.5.jar:git-Paper-794]
	at net.minecraft.server.v1_16_R3.MinecraftServer.lambda$a$0(MinecraftServer.java:291) ~[patched_1.16.5.jar:git-Paper-794]
	at java.lang.Thread.run(Thread.java:829) [?:?]
Caused by: java.lang.UnsupportedClassVersionError: me/unisteven/PlayerVault has been compiled by a more recent version of the Java Runtime (class file version 61.0), this version of the Java Runtime only recognizes class file versions up to 55.0
	at java.lang.ClassLoader.defineClass1(Native Method) ~[?:?]
	at java.lang.ClassLoader.defineClass(ClassLoader.java:1022) ~[?:?]
	at java.security.SecureClassLoader.defineClass(SecureClassLoader.java:174) ~[?:?]
	at org.bukkit.plugin.java.PluginClassLoader.findClass(PluginClassLoader.java:201) ~[patched_1.16.5.jar:git-Paper-794]
	at java.lang.ClassLoader.loadClass(ClassLoader.java:594) ~[?:?]
	at org.bukkit.plugin.java.PluginClassLoader.loadClass0(PluginClassLoader.java:119) ~[patched_1.16.5.jar:git-Paper-794]
	at org.bukkit.plugin.java.PluginClassLoader.loadClass(PluginClassLoader.java:114) ~[patched_1.16.5.jar:git-Paper-794]
	at java.lang.ClassLoader.loadClass(ClassLoader.java:527) ~[?:?]
	at java.lang.Class.forName0(Native Method) ~[?:?]
	at java.lang.Class.forName(Class.java:398) ~[?:?]
	at org.bukkit.plugin.java.PluginClassLoader.<init>(PluginClassLoader.java:82) ~[patched_1.16.5.jar:git-Paper-794]
	at org.bukkit.plugin.java.JavaPluginLoader.loadPlugin(JavaPluginLoader.java:153) ~[patched_1.16.5.jar:git-Paper-794]
	... 7 more
[22:45:18] [Server thread/ERROR]: Could not load 'plugins/ViaVersion-5.2.1.jar' in folder 'plugins'
org.bukkit.plugin.InvalidPluginException: java.lang.UnsupportedClassVersionError: com/viaversion/viaversion/ViaVersionPlugin has been compiled by a more recent version of the Java Runtime (class file version 61.0), this version of the Java Runtime only recognizes class file versions up to 55.0
	at org.bukkit.plugin.java.JavaPluginLoader.loadPlugin(JavaPluginLoader.java:157) ~[patched_1.16.5.jar:git-Paper-794]
	at org.bukkit.plugin.SimplePluginManager.loadPlugin(SimplePluginManager.java:414) ~[patched_1.16.5.jar:git-Paper-794]
	at org.bukkit.plugin.SimplePluginManager.loadPlugins(SimplePluginManager.java:322) ~[patched_1.16.5.jar:git-Paper-794]
	at org.bukkit.craftbukkit.v1_16_R3.CraftServer.loadPlugins(CraftServer.java:393) ~[patched_1.16.5.jar:git-Paper-794]
	at net.minecraft.server.v1_16_R3.DedicatedServer.init(DedicatedServer.java:269) ~[patched_1.16.5.jar:git-Paper-794]
	at net.minecraft.server.v1_16_R3.MinecraftServer.w(MinecraftServer.java:1074) ~[patched_1.16.5.jar:git-Paper-794]
	at net.minecraft.server.v1_16_R3.MinecraftServer.lambda$a$0(MinecraftServer.java:291) ~[patched_1.16.5.jar:git-Paper-794]
	at java.lang.Thread.run(Thread.java:829) [?:?]
Caused by: java.lang.UnsupportedClassVersionError: com/viaversion/viaversion/ViaVersionPlugin has been compiled by a more recent version of the Java Runtime (class file version 61.0), this version of the Java Runtime only recognizes class file versions up to 55.0
	at java.lang.ClassLoader.defineClass1(Native Method) ~[?:?]
	at java.lang.ClassLoader.defineClass(ClassLoader.java:1022) ~[?:?]
	at java.security.SecureClassLoader.defineClass(SecureClassLoader.java:174) ~[?:?]
	at org.bukkit.plugin.java.PluginClassLoader.findClass(PluginClassLoader.java:201) ~[patched_1.16.5.jar:git-Paper-794]
	at java.lang.ClassLoader.loadClass(ClassLoader.java:594) ~[?:?]
	at org.bukkit.plugin.java.PluginClassLoader.loadClass0(PluginClassLoader.java:119) ~[patched_1.16.5.jar:git-Paper-794]
	at org.bukkit.plugin.java.PluginClassLoader.loadClass(PluginClassLoader.java:114) ~[patched_1.16.5.jar:git-Paper-794]
	at java.lang.ClassLoader.loadClass(ClassLoader.java:527) ~[?:?]
	at java.lang.Class.forName0(Native Method) ~[?:?]
	at java.lang.Class.forName(Class.java:398) ~[?:?]
	at org.bukkit.plugin.java.PluginClassLoader.<init>(PluginClassLoader.java:82) ~[patched_1.16.5.jar:git-Paper-794]
	at org.bukkit.plugin.java.JavaPluginLoader.loadPlugin(JavaPluginLoader.java:153) ~[patched_1.16.5.jar:git-Paper-794]
	... 7 more
[22:45:18] [Server thread/ERROR]: Could not load 'plugins/ViaBackwards-5.2.1.jar' in folder 'plugins'
org.bukkit.plugin.UnknownDependencyException: Unknown/missing dependency plugins: [ViaVersion]. Please download and install these plugins to run 'ViaBackwards'.
	at org.bukkit.plugin.SimplePluginManager.loadPlugins(SimplePluginManager.java:291) ~[patched_1.16.5.jar:git-Paper-794]
	at org.bukkit.craftbukkit.v1_16_R3.CraftServer.loadPlugins(CraftServer.java:393) ~[patched_1.16.5.jar:git-Paper-794]
	at net.minecraft.server.v1_16_R3.DedicatedServer.init(DedicatedServer.java:269) ~[patched_1.16.5.jar:git-Paper-794]
	at net.minecraft.server.v1_16_R3.MinecraftServer.w(MinecraftServer.java:1074) ~[patched_1.16.5.jar:git-Paper-794]
	at net.minecraft.server.v1_16_R3.MinecraftServer.lambda$a$0(MinecraftServer.java:291) ~[patched_1.16.5.jar:git-Paper-794]
	at java.lang.Thread.run(Thread.java:829) [?:?]
[22:45:18] [Server thread/ERROR]: Could not load 'plugins/ViaRewind-4.0.4.jar' in folder 'plugins'
org.bukkit.plugin.UnknownDependencyException: Unknown/missing dependency plugins: [ViaBackwards, ViaVersion]. Please download and install these plugins to run 'ViaRewind'.
	at org.bukkit.plugin.SimplePluginManager.loadPlugins(SimplePluginManager.java:291) ~[patched_1.16.5.jar:git-Paper-794]
	at org.bukkit.craftbukkit.v1_16_R3.CraftServer.loadPlugins(CraftServer.java:393) ~[patched_1.16.5.jar:git-Paper-794]
	at net.minecraft.server.v1_16_R3.DedicatedServer.init(DedicatedServer.java:269) ~[patched_1.16.5.jar:git-Paper-794]
	at net.minecraft.server.v1_16_R3.MinecraftServer.w(MinecraftServer.java:1074) ~[patched_1.16.5.jar:git-Paper-794]
	at net.minecraft.server.v1_16_R3.MinecraftServer.lambda$a$0(MinecraftServer.java:291) ~[patched_1.16.5.jar:git-Paper-794]
	at java.lang.Thread.run(Thread.java:829) [?:?]
[22:45:18] [Server thread/INFO]: [Essentials] Loading Essentials v2.20.1
[22:45:18] [Server thread/INFO]: [UserLogin] Loading UserLogin v2.13.1
[22:45:18] [Server thread/INFO]: Server permissions file permissions.yml is empty, ignoring it
[22:45:18] [Server thread/WARN]: **** SERVER IS RUNNING IN OFFLINE/INSECURE MODE!
[22:45:18] [Server thread/WARN]: The server will make no attempt to authenticate usernames. Beware.
[22:45:18] [Server thread/WARN]: While this makes the game possible to play without internet access, it also opens up the ability for hackers to connect with any username they choose.
[22:45:18] [Server thread/WARN]: To change this, set "online-mode" to "true" in the server.properties file.
[22:45:18] [Server thread/INFO]: Preparing level "world"
[22:45:18] [Server thread/INFO]: Preparing start region for dimension minecraft:overworld
[22:45:18] [Server thread/INFO]: Preparing spawn area: 0%
[22:45:19] [Server thread/INFO]: Time elapsed: 425 ms
[22:45:19] [Server thread/INFO]: Preparing start region for dimension minecraft:the_nether
[22:45:19] [Server thread/INFO]: Time elapsed: 419 ms
[22:45:19] [Server thread/INFO]: Preparing start region for dimension minecraft:the_end
[22:45:19] [Server thread/INFO]: Time elapsed: 211 ms
[22:45:19] [Server thread/INFO]: [Essentials] Enabling Essentials v2.20.1
[22:45:20] [Server thread/INFO]: [Essentials] Attempting to convert old kits in config.yml to new kits.yml
[22:45:20] [Server thread/INFO]: [Essentials] No kits found to migrate.
[22:45:21] [Server thread/INFO]: [Essentials] Loaded 39094 items from items.json.
[22:45:21] [Server thread/INFO]: [Essentials] Using locale en
[22:45:21] [Server thread/INFO]: [Essentials] ServerListPingEvent: Spigot iterator API
[22:45:21] [Server thread/INFO]: [Essentials] Starting Metrics. Opt-out using the global bStats config.
[22:45:21] [Server thread/INFO]: [Essentials] Using superperms-based permissions.
[22:45:21] [Server thread/INFO]: [UserLogin] Enabling UserLogin v2.13.1
[22:45:21] [Server thread/INFO]: [UserLogin] UserLogin v2.13.1 enabled
[22:45:21] [Server thread/INFO]: Running delayed init tasks
[22:45:21] [Server thread/INFO]: Done (4.543s)! For help, type "help"
[22:45:21] [Server thread/WARN]: [io.papermc.paper.util.PaperJvmChecker] ************************************************************
[22:45:21] [Server thread/WARN]: [io.papermc.paper.util.PaperJvmChecker] * WARNING - YOU ARE RUNNING AN OUTDATED VERSION OF JAVA.
[22:45:21] [Server thread/WARN]: [io.papermc.paper.util.PaperJvmChecker] * PAPER WILL STOP BEING COMPATIBLE WITH THIS VERSION OF
[22:45:21] [Server thread/WARN]: [io.papermc.paper.util.PaperJvmChecker] * JAVA WHEN MINECRAFT 1.17 IS RELEASED.
[22:45:21] [Server thread/WARN]: [io.papermc.paper.util.PaperJvmChecker] *
[22:45:21] [Server thread/WARN]: [io.papermc.paper.util.PaperJvmChecker] * Please update the version of Java you use to run Paper
[22:45:21] [Server thread/WARN]: [io.papermc.paper.util.PaperJvmChecker] * to at least Java 16. When Paper for Minecraft 1.17 is
[22:45:21] [Craft Scheduler Thread - 3/INFO]: [Essentials] Fetching version information...
[22:45:21] [Server thread/WARN]: [io.papermc.paper.util.PaperJvmChecker] * released support for versions of Java before 16 will
[22:45:21] [Server thread/WARN]: [io.papermc.paper.util.PaperJvmChecker] * be dropped.
[22:45:21] [Server thread/WARN]: [io.papermc.paper.util.PaperJvmChecker] *
[22:45:21] [Server thread/WARN]: [io.papermc.paper.util.PaperJvmChecker] * Current Java version: 11.0.26
[22:45:21] [Server thread/WARN]: [io.papermc.paper.util.PaperJvmChecker] *
[22:45:21] [Server thread/WARN]: [io.papermc.paper.util.PaperJvmChecker] * Check this forum post for more information: 
[22:45:21] [Server thread/WARN]: [io.papermc.paper.util.PaperJvmChecker] *   https://papermc.io/java16
[22:45:21] [Server thread/WARN]: [io.papermc.paper.util.PaperJvmChecker] ************************************************************
[22:45:21] [Server thread/INFO]: Timings Reset
[22:45:22] [Craft Scheduler Thread - 1/INFO]: [UserLogin] Running latest version! (v2.13.1)
[22:48:38] [User Authenticator #1/INFO]: UUID of player lugoflen is 64976df5-9f96-38cb-9551-2f371dcc84fe
[22:48:38] [Server thread/INFO]: lugoflen[/127.18.190.66:54747] logged in with entity id 382 at ([world]-160.0, 64.0, 96.0)
[22:49:03] [Server thread/INFO]: lugoflen issued server command: /pay 1
[22:49:06] [Server thread/INFO]: lugoflen issued server command: /pv
[22:49:10] [Server thread/INFO]: lugoflen issued server command: /plugins
[22:50:49] [Server thread/INFO]: lugoflen lost connection: Disconnected
[22:50:49] [Server thread/INFO]: lugoflen left the game
